zsh
starship
meson
cpio
cmake
hyprwayland-scanner
hyprland
hypridle-git
pyprland
swww
pywal-16-colors
waybar
wl-clipboard
wlogout
swaylock-effects-git
pavucontrol
htop
dunst
xorg-xwayland
xdg-utils
xdg-desktop-portal
xdg-desktop-portal-gtk
xdg-desktop-portal-wlr
xorg-xrdb
libnotify
os-prober
googledot-cursor-theme

udisks2
udiskie
ntfs-3g

pipewire
pipewire-audio
pipewire-pulse
pipewire-alsa
wireplumber

blueman
bluez
bluez-utils

brightnessctl

oranchelo-icon-theme
fastfetch

ripgrep
eza
bat
zoxide
fzf
entr

kitty

rofi
rofi-emoji
rofi-calc

lf
ctpv-git

ttf-firacode-nerd
noto-fonts-emoji

wpaperd
niri
